[debug] [2025-08-09T17:20:09.513Z] ----------------------------------------------------------------------
[debug] [2025-08-09T17:20:09.515Z] Command:       C:\Program Files\nodejs\node.exe C:\Users\PC\AppData\Roaming\npm\node_modules\firebase-tools\lib\bin\firebase.js deploy --only functions --force
[debug] [2025-08-09T17:20:09.516Z] CLI Version:   14.12.0
[debug] [2025-08-09T17:20:09.516Z] Platform:      win32
[debug] [2025-08-09T17:20:09.516Z] Node Version:  v22.17.1
[debug] [2025-08-09T17:20:09.516Z] Time:          Sun Aug 10 2025 01:20:09 GMT+0800 (Philippine Standard Time)
[debug] [2025-08-09T17:20:09.516Z] ----------------------------------------------------------------------
[debug] 
[debug] [2025-08-09T17:20:09.665Z] > command requires scopes: ["email","openid","https://www.googleapis.com/auth/cloudplatformprojects.readonly","https://www.googleapis.com/auth/firebase","https://www.googleapis.com/auth/cloud-platform"]
[debug] [2025-08-09T17:20:09.666Z] > authorizing via signed-in user (angelo.rado0295@gmail.com)
[debug] [2025-08-09T17:20:09.666Z] [iam] checking project abot-ko-na for permissions ["cloudfunctions.functions.create","cloudfunctions.functions.delete","cloudfunctions.functions.get","cloudfunctions.functions.list","cloudfunctions.functions.update","cloudfunctions.operations.get","firebase.projects.get"]
[debug] [2025-08-09T17:20:09.667Z] Checked if tokens are valid: false, expires at: 1754759932082
[debug] [2025-08-09T17:20:09.667Z] Checked if tokens are valid: false, expires at: 1754759932082
[debug] [2025-08-09T17:20:09.667Z] > refreshing access token with scopes: []
[debug] [2025-08-09T17:20:09.669Z] >>> [apiv2][query] POST https://www.googleapis.com/oauth2/v3/token [none]
[debug] [2025-08-09T17:20:09.669Z] >>> [apiv2][body] POST https://www.googleapis.com/oauth2/v3/token [omitted]
[debug] [2025-08-09T17:20:10.418Z] <<< [apiv2][status] POST https://www.googleapis.com/oauth2/v3/token 200
[debug] [2025-08-09T17:20:10.418Z] <<< [apiv2][body] POST https://www.googleapis.com/oauth2/v3/token [omitted]
[debug] [2025-08-09T17:20:10.422Z] >>> [apiv2][query] POST https://cloudresourcemanager.googleapis.com/v1/projects/abot-ko-na:testIamPermissions [none]
[debug] [2025-08-09T17:20:10.422Z] >>> [apiv2][(partial)header] POST https://cloudresourcemanager.googleapis.com/v1/projects/abot-ko-na:testIamPermissions x-goog-quota-user=projects/abot-ko-na
[debug] [2025-08-09T17:20:10.422Z] >>> [apiv2][body] POST https://cloudresourcemanager.googleapis.com/v1/projects/abot-ko-na:testIamPermissions {"permissions":["cloudfunctions.functions.create","cloudfunctions.functions.delete","cloudfunctions.functions.get","cloudfunctions.functions.list","cloudfunctions.functions.update","cloudfunctions.operations.get","firebase.projects.get"]}
[debug] [2025-08-09T17:20:11.944Z] <<< [apiv2][status] POST https://cloudresourcemanager.googleapis.com/v1/projects/abot-ko-na:testIamPermissions 200
[debug] [2025-08-09T17:20:11.944Z] <<< [apiv2][body] POST https://cloudresourcemanager.googleapis.com/v1/projects/abot-ko-na:testIamPermissions {"permissions":["cloudfunctions.functions.create","cloudfunctions.functions.delete","cloudfunctions.functions.get","cloudfunctions.functions.list","cloudfunctions.functions.update","cloudfunctions.operations.get","firebase.projects.get"]}
[debug] [2025-08-09T17:20:11.944Z] Checked if tokens are valid: true, expires at: 1754763609418
[debug] [2025-08-09T17:20:11.944Z] Checked if tokens are valid: true, expires at: 1754763609418
[debug] [2025-08-09T17:20:11.944Z] >>> [apiv2][query] POST https://iam.googleapis.com/v1/projects/abot-ko-na/serviceAccounts/abot-ko-na@appspot.gserviceaccount.com:testIamPermissions [none]
[debug] [2025-08-09T17:20:11.945Z] >>> [apiv2][body] POST https://iam.googleapis.com/v1/projects/abot-ko-na/serviceAccounts/abot-ko-na@appspot.gserviceaccount.com:testIamPermissions {"permissions":["iam.serviceAccounts.actAs"]}
[debug] [2025-08-09T17:20:12.821Z] <<< [apiv2][status] POST https://iam.googleapis.com/v1/projects/abot-ko-na/serviceAccounts/abot-ko-na@appspot.gserviceaccount.com:testIamPermissions 200
[debug] [2025-08-09T17:20:12.821Z] <<< [apiv2][body] POST https://iam.googleapis.com/v1/projects/abot-ko-na/serviceAccounts/abot-ko-na@appspot.gserviceaccount.com:testIamPermissions {"permissions":["iam.serviceAccounts.actAs"]}
[info] 
[info] === Deploying to 'abot-ko-na'...
[info] 
[info] i  deploying functions 
[info] Running command: npm --prefix "$RESOURCE_DIR" run build
[info] +  functions: Finished running predeploy script. 
[debug] [2025-08-09T17:20:16.353Z] Checked if tokens are valid: true, expires at: 1754763609418
[debug] [2025-08-09T17:20:16.353Z] Checked if tokens are valid: true, expires at: 1754763609418
[debug] [2025-08-09T17:20:16.354Z] >>> [apiv2][query] GET https://cloudresourcemanager.googleapis.com/v1/projects/abot-ko-na [none]
